<?xml version="1.0" encoding="UTF-8" ?>
<testsuite tests="1" failures="0" name="cucumber.Options.TestRunner" time="0.005" errors="1" skipped="0">
  <properties>
    <property name="java.runtime.name" value="Java(TM) SE Runtime Environment"/>
    <property name="cucumber.options" value="--tags@SignInwithPhonenumber"/>
    <property name="sun.boot.library.path" value="C:\Program Files\Java\jdk1.8.0_311\jre\bin"/>
    <property name="java.vm.version" value="25.311-b11"/>
    <property name="java.vm.vendor" value="Oracle Corporation"/>
    <property name="maven.multiModuleProjectDirectory" value="C:\Users\Tutorbin\eclipse-workspace\APITutorbin"/>
    <property name="java.vendor.url" value="http://java.oracle.com/"/>
    <property name="path.separator" value=";"/>
    <property name="guice.disable.misplaced.annotation.check" value="true"/>
    <property name="java.vm.name" value="Java HotSpot(TM) 64-Bit Server VM"/>
    <property name="file.encoding.pkg" value="sun.io"/>
    <property name="user.script" value=""/>
    <property name="user.country" value="IN"/>
    <property name="sun.java.launcher" value="SUN_STANDARD"/>
    <property name="sun.os.patch.level" value=""/>
    <property name="java.vm.specification.name" value="Java Virtual Machine Specification"/>
    <property name="user.dir" value="C:\Users\Tutorbin\eclipse-workspace\APITutorbin"/>
    <property name="java.runtime.version" value="1.8.0_311-b11"/>
    <property name="java.awt.graphicsenv" value="sun.awt.Win32GraphicsEnvironment"/>
    <property name="java.endorsed.dirs" value="C:\Program Files\Java\jdk1.8.0_311\jre\lib\endorsed"/>
    <property name="os.arch" value="amd64"/>
    <property name="java.io.tmpdir" value="C:\Users\Tutorbin\AppData\Local\Temp\"/>
    <property name="line.separator" value="
"/>
    <property name="java.vm.specification.vendor" value="Oracle Corporation"/>
    <property name="user.variant" value=""/>
    <property name="os.name" value="Windows 10"/>
    <property name="classworlds.conf" value="C:\Program Files\apache-maven-3.8.6\bin\m2.conf"/>
    <property name="sun.jnu.encoding" value="Cp1252"/>
    <property name="java.library.path" value="C:\Program Files\Java\jdk1.8.0_311\bin;C:\windows\Sun\Java\bin;C:\windows\system32;C:\windows;C:\Program Files (x86)\Common Files\Oracle\Java\javapath;C:\windows\system32;C:\windows;C:\windows\System32\Wbem;C:\windows\System32\WindowsPowerShell\v1.0\;C:\windows\System32\OpenSSH\;C:\Program Files\apache-maven-3.8.6\bin;C:\Users\Tutorbin\AppData\Local\Microsoft\WindowsApps;;."/>
    <property name="maven.conf" value="C:\Program Files\apache-maven-3.8.6/conf"/>
    <property name="java.specification.name" value="Java Platform API Specification"/>
    <property name="java.class.version" value="52.0"/>
    <property name="sun.management.compiler" value="HotSpot 64-Bit Tiered Compilers"/>
    <property name="os.version" value="10.0"/>
    <property name="library.jansi.path" value="C:\Program Files\apache-maven-3.8.6\lib\jansi-native"/>
    <property name="user.home" value="C:\Users\Tutorbin"/>
    <property name="user.timezone" value="Asia/Calcutta"/>
    <property name="java.awt.printerjob" value="sun.awt.windows.WPrinterJob"/>
    <property name="java.specification.version" value="1.8"/>
    <property name="file.encoding" value="Cp1252"/>
    <property name="user.name" value="Tutorbin"/>
    <property name="java.class.path" value="C:\Program Files\apache-maven-3.8.6\boot\plexus-classworlds-2.6.0.jar"/>
    <property name="java.vm.specification.version" value="1.8"/>
    <property name="sun.arch.data.model" value="64"/>
    <property name="java.home" value="C:\Program Files\Java\jdk1.8.0_311\jre"/>
    <property name="sun.java.command" value="org.codehaus.plexus.classworlds.launcher.Launcher test -Dcucumber.options=--tags@SignInwithPhonenumber"/>
    <property name="java.specification.vendor" value="Oracle Corporation"/>
    <property name="user.language" value="en"/>
    <property name="awt.toolkit" value="sun.awt.windows.WToolkit"/>
    <property name="java.vm.info" value="mixed mode"/>
    <property name="java.version" value="1.8.0_311"/>
    <property name="java.ext.dirs" value="C:\Program Files\Java\jdk1.8.0_311\jre\lib\ext;C:\windows\Sun\Java\lib\ext"/>
    <property name="sun.boot.class.path" value="C:\Program Files\Java\jdk1.8.0_311\jre\lib\resources.jar;C:\Program Files\Java\jdk1.8.0_311\jre\lib\rt.jar;C:\Program Files\Java\jdk1.8.0_311\jre\lib\sunrsasign.jar;C:\Program Files\Java\jdk1.8.0_311\jre\lib\jsse.jar;C:\Program Files\Java\jdk1.8.0_311\jre\lib\jce.jar;C:\Program Files\Java\jdk1.8.0_311\jre\lib\charsets.jar;C:\Program Files\Java\jdk1.8.0_311\jre\lib\jfr.jar;C:\Program Files\Java\jdk1.8.0_311\jre\classes"/>
    <property name="java.vendor" value="Oracle Corporation"/>
    <property name="maven.home" value="C:\Program Files\apache-maven-3.8.6"/>
    <property name="file.separator" value="\"/>
    <property name="java.vendor.url.bug" value="http://bugreport.sun.com/bugreport/"/>
    <property name="sun.cpu.endian" value="little"/>
    <property name="sun.io.unicode.encoding" value="UnicodeLittle"/>
    <property name="sun.desktop" value="windows"/>
    <property name="sun.cpu.isalist" value="amd64"/>
  </properties>
  <testcase classname="cucumber.Options.TestRunner" name="initializationError" time="0.005">
    <error message="Unknown option: --tags@SignInwithPhonenumber" type="io.cucumber.core.exception.CucumberException">io.cucumber.core.exception.CucumberException: Unknown option: --tags@SignInwithPhonenumber
	at io.cucumber.core.options.RuntimeOptionsParser.parse(RuntimeOptionsParser.java:206)
	at io.cucumber.core.options.CucumberPropertiesParser.parseCucumberOptions(CucumberPropertiesParser.java:209)
	at io.cucumber.core.options.CucumberPropertiesParser.parse(CucumberPropertiesParser.java:79)
	at io.cucumber.junit.Cucumber.&lt;init&gt;(Cucumber.java:120)
	at sun.reflect.NativeConstructorAccessorImpl.newInstance0(Native Method)
	at sun.reflect.NativeConstructorAccessorImpl.newInstance(NativeConstructorAccessorImpl.java:62)
	at sun.reflect.DelegatingConstructorAccessorImpl.newInstance(DelegatingConstructorAccessorImpl.java:45)
	at java.lang.reflect.Constructor.newInstance(Constructor.java:423)
	at org.junit.internal.builders.AnnotatedBuilder.buildRunner(AnnotatedBuilder.java:29)
	at org.junit.internal.builders.AnnotatedBuilder.runnerForClass(AnnotatedBuilder.java:21)
	at org.junit.runners.model.RunnerBuilder.safeRunnerForClass(RunnerBuilder.java:59)
	at org.junit.internal.builders.AllDefaultPossibilitiesBuilder.runnerForClass(AllDefaultPossibilitiesBuilder.java:26)
	at org.junit.runners.model.RunnerBuilder.safeRunnerForClass(RunnerBuilder.java:59)
	at org.junit.internal.requests.ClassRequest.getRunner(ClassRequest.java:26)
	at org.apache.maven.surefire.junit4.JUnit4Provider.execute(JUnit4Provider.java:250)
	at org.apache.maven.surefire.junit4.JUnit4Provider.executeTestSet(JUnit4Provider.java:141)
	at org.apache.maven.surefire.junit4.JUnit4Provider.invoke(JUnit4Provider.java:112)
	at sun.reflect.NativeMethodAccessorImpl.invoke0(Native Method)
	at sun.reflect.NativeMethodAccessorImpl.invoke(NativeMethodAccessorImpl.java:62)
	at sun.reflect.DelegatingMethodAccessorImpl.invoke(DelegatingMethodAccessorImpl.java:43)
	at java.lang.reflect.Method.invoke(Method.java:498)
	at org.apache.maven.surefire.util.ReflectionUtils.invokeMethodWithArray(ReflectionUtils.java:189)
	at org.apache.maven.surefire.booter.ProviderFactory$ProviderProxy.invoke(ProviderFactory.java:165)
	at org.apache.maven.surefire.booter.ProviderFactory.invokeProvider(ProviderFactory.java:85)
	at org.apache.maven.surefire.booter.ForkedBooter.runSuitesInProcess(ForkedBooter.java:115)
	at org.apache.maven.surefire.booter.ForkedBooter.main(ForkedBooter.java:75)
</error>
    <system-out>Usage: java io.cucumber.core.cli.Main [options] [ [DIR|DIR URI] | [ [FILE|FILE URI][:LINE]* ] | @[FILE|FILE URI] ]+

Options:

      --threads COUNT                      Number of threads to run tests under.
                                           Defaults to 1.

  -g, --glue PATH                          Package to load glue code (step
                                           definitions, hooks and plugins) from.
                                           E.g: com.example.app

  -p, --[add-]plugin PLUGIN[:PATH_OR_URL]  Register a plugin.
                                           Built-in formatter PLUGIN types:
                                           junit, html, pretty, progress, json,
                                           usage, rerun, testng. Built-in
                                           summary PLUGIN types:
                                           default_summary, null_summary,
                                           unused. PLUGIN can also be a fully
                                           qualified class name, allowing registration
                                           of 3rd party plugins.

                                           --add-plugin does not clobber plugins
                                           of that type defined from a different
                                           source.

  -t, --tags TAG_EXPRESSION                Only run scenarios tagged with tags
                                           matching TAG_EXPRESSION.

  -n, --name REGEXP                        Only run scenarios whose names match
                                           REGEXP.

  -d, --[no-]dry-run                       Skip execution of glue code.

  -m, --[no-]monochrome                    Don&apos;t colour terminal output.

  -s, --[no-]strict                        Treat undefined and pending steps as
                                           errors.

      --snippets [underscore|camelcase]    Naming convention for generated
                                           snippets. Defaults to underscore.

  -v, --version                            Print version.

  -h, --help                               You&apos;re looking at it.

      --i18n LANG                          List keywords for in a particular
                                           language
                                           Run with &quot;--i18n help&quot; to see all
                                           languages

  -w, --wip                                Fail if there are any passing
                                           scenarios.
  
    
      --order                              Run the scenarios in a different
                                           order. The options are &apos;reverse&apos; and
                                           &apos;random&apos;. In case of &apos;random&apos; order
                                           an optional seed parameter can be
                                           added &apos;random:&lt;seed&gt;&apos;.

      --count                              Number of scenarios to be executed.
                                           If not specified all scenarios are run.

      --object-factory CLASSNAME           Uses the class specified by CLASSNAME
                                           as object factory. Be aware that the
                                           class is loaded through a service
                                           loader and therefore also needs to
                                           be specified in:
                                           META-INF/services/io.cucumber.core.backend.ObjectFactory

Feature path examples:

  &lt;path&gt;                                   Load the files with the extension
                                           &quot;.feature&quot; for the directory &lt;path&gt;
                                           and its sub directories.

  &lt;path&gt;/&lt;name&gt;.feature                    Load the feature file
                                           &lt;path&gt;/&lt;name&gt;.feature from the file
                                           system.

  classpath:&lt;path&gt;/&lt;name&gt;.feature          Load the feature file
                                           &lt;path&gt;/&lt;name&gt;.feature from the
                                           classpath.

  &lt;path&gt;/&lt;name&gt;.feature:3:9                Load the scenarios on line 3 and line
                                           9 in the file &lt;path&gt;/&lt;name&gt;.feature.

  @&lt;path&gt;/&lt;file&gt;                           Load &lt;path&gt;/&lt;file&gt; from the file
                                           system and parse feature paths
                                           generated by the rerun formatter.


Properties, Environment variables and System properties:

Cucumber will in order of precedence parse properties from system properties,
environment variables and the `cucumber.properties` file.

Note that options provided by `@CucumberOptions` takes precedence over the
properties file and CLI arguments take precedence over all.

Supported properties are:

```
cucumber.ansi-colors.disabled=  # true or false. default: true
cucumber.execution.dry-run=     # true or false. default: false
cucumber.execution.limit=       # number of scenarios to execute (CLI only).
cucumber.execution.order=       # lexical, reverse, random or random:[seed] (CLI only). default: lexical
cucumber.execution.strict=      # true or false. default: false.
cucumber.execution.wip=         # true or false. default: false.
cucumber.features=              # command separated paths to feature files. example: path/to/example.feature, path/to/other.feature
cucumber.filter.name=           # regex. example: .*Hello.*
cucumber.filter.tags=           # tag expression. example: @smoke and not @slow
cucumber.glue=                  # comma separated package names. example: com.example.glue
cucumber.plugin=                # comma separated plugin strings. example: pretty, json:path/to/report.json
cucumber.object-factory=        # object factory class name. example: com.example.MyObjectFactory
cucumber.snippet-type=          # underscore or camelcase. default: underscore
```

Each property also has an `UPPER_CASE` and `snake_case` variant. For example
`cucumber.ansi-colors.disabled` would also be understood as
`CUCUMBER_ANSI_COLORS_DISABLED` and `cucumber_ansi_colors_disabled`.
</system-out>
  </testcase>
</testsuite>